2026-06-15T21:30:27.025-04:00  INFO 4544 --- [ms_promocion] [main] c.R.ms_promocion.MsPromocionApplication  : Starting MsPromocionApplication using Java 17.0.19 with PID 4544 (C:\Users\isaac\OneDrive\Escritorio\ms_promocion\ms_promocion\target\classes started by isaac in C:\Users\isaac\OneDrive\Escritorio\ms_promocion)
2026-06-15T21:30:27.029-04:00  INFO 4544 --- [ms_promocion] [main] c.R.ms_promocion.MsPromocionApplication  : No active profile set, falling back to 1 default profile: "default"
2026-06-15T21:30:27.596-04:00  INFO 4544 --- [ms_promocion] [main] .s.d.r.c.RepositoryConfigurationDelegate : Bootstrapping Spring Data JPA repositories in DEFAULT mode.
2026-06-15T21:30:27.637-04:00  INFO 4544 --- [ms_promocion] [main] .s.d.r.c.RepositoryConfigurationDelegate : Finished Spring Data repository scanning in 34 ms. Found 1 JPA repository interface.
2026-06-15T21:30:27.764-04:00  INFO 4544 --- [ms_promocion] [main] o.s.cloud.context.scope.GenericScope     : BeanFactory id=990bc65a-4d76-3843-b2e6-6d8a80cdbeb7
2026-06-15T21:30:28.026-04:00  INFO 4544 --- [ms_promocion] [main] o.s.b.w.embedded.tomcat.TomcatWebServer  : Tomcat initialized with port 8081 (http)
2026-06-15T21:30:28.036-04:00  INFO 4544 --- [ms_promocion] [main] o.apache.catalina.core.StandardService   : Starting service [Tomcat]
2026-06-15T21:30:28.036-04:00  INFO 4544 --- [ms_promocion] [main] o.apache.catalina.core.StandardEngine    : Starting Servlet engine: [Apache Tomcat/10.1.33]
2026-06-15T21:30:28.083-04:00  INFO 4544 --- [ms_promocion] [main] o.a.c.c.C.[Tomcat].[localhost].[/]       : Initializing Spring embedded WebApplicationContext
2026-06-15T21:30:28.083-04:00  INFO 4544 --- [ms_promocion] [main] w.s.c.ServletWebServerApplicationContext : Root WebApplicationContext: initialization completed in 1020 ms
2026-06-15T21:30:28.241-04:00  INFO 4544 --- [ms_promocion] [main] com.zaxxer.hikari.HikariDataSource       : HikariPool-1 - Starting...
2026-06-15T21:30:28.538-04:00  INFO 4544 --- [ms_promocion] [main] com.zaxxer.hikari.pool.HikariPool        : HikariPool-1 - Added connection com.mysql.cj.jdbc.ConnectionImpl@46ea78f0
2026-06-15T21:30:28.540-04:00  INFO 4544 --- [ms_promocion] [main] com.zaxxer.hikari.HikariDataSource       : HikariPool-1 - Start completed.
2026-06-15T21:30:28.576-04:00  INFO 4544 --- [ms_promocion] [main] org.flywaydb.core.FlywayExecutor         : Database: jdbc:mysql://localhost:3306/ms_promocion (MySQL 8.4)
2026-06-15T21:30:28.597-04:00  WARN 4544 --- [ms_promocion] [main] o.f.c.internal.database.base.Database    : Flyway upgrade recommended: MySQL 8.4 is newer than this version of Flyway and support has not been tested. The latest supported version of MySQL is 8.1.
2026-06-15T21:30:28.633-04:00  INFO 4544 --- [ms_promocion] [main] o.f.core.internal.command.DbValidate     : Successfully validated 2 migrations (execution time 00:00.028s)
2026-06-15T21:30:28.644-04:00  INFO 4544 --- [ms_promocion] [main] o.f.core.internal.command.DbMigrate      : Current version of schema `ms_promocion`: 2
2026-06-15T21:30:28.648-04:00  INFO 4544 --- [ms_promocion] [main] o.f.core.internal.command.DbMigrate      : Schema `ms_promocion` is up to date. No migration necessary.
2026-06-15T21:30:28.704-04:00  INFO 4544 --- [ms_promocion] [main] o.hibernate.jpa.internal.util.LogHelper  : HHH000204: Processing PersistenceUnitInfo [name: default]
2026-06-15T21:30:28.756-04:00  INFO 4544 --- [ms_promocion] [main] org.hibernate.Version                    : HHH000412: Hibernate ORM core version 6.6.2.Final
2026-06-15T21:30:28.789-04:00  INFO 4544 --- [ms_promocion] [main] o.h.c.internal.RegionFactoryInitiator    : HHH000026: Second-level cache disabled
2026-06-15T21:30:28.996-04:00  INFO 4544 --- [ms_promocion] [main] o.s.o.j.p.SpringPersistenceUnitInfo      : No LoadTimeWeaver setup: ignoring JPA class transformer
2026-06-15T21:30:29.043-04:00  WARN 4544 --- [ms_promocion] [main] org.hibernate.orm.deprecation            : HHH90000025: MySQLDialect does not need to be specified explicitly using 'hibernate.dialect' (remove the property setting and it will be selected by default)
2026-06-15T21:30:29.053-04:00  INFO 4544 --- [ms_promocion] [main] org.hibernate.orm.connections.pooling    : HHH10001005: Database info:
	Database JDBC URL [Connecting through datasource 'HikariDataSource (HikariPool-1)']
	Database driver: undefined/unknown
	Database version: 8.4.3
	Autocommit mode: undefined/unknown
	Isolation level: undefined/unknown
	Minimum pool size: undefined/unknown
	Maximum pool size: undefined/unknown
2026-06-15T21:30:29.570-04:00  INFO 4544 --- [ms_promocion] [main] o.h.e.t.j.p.i.JtaPlatformInitiator       : HHH000489: No JTA platform available (set 'hibernate.transaction.jta.platform' to enable JTA platform integration)
2026-06-15T21:30:29.596-04:00  INFO 4544 --- [ms_promocion] [main] j.LocalContainerEntityManagerFactoryBean : Initialized JPA EntityManagerFactory for persistence unit 'default'
2026-06-15T21:30:29.844-04:00  WARN 4544 --- [ms_promocion] [main] JpaBaseConfiguration$JpaWebConfiguration : spring.jpa.open-in-view is enabled by default. Therefore, database queries may be performed during view rendering. Explicitly configure spring.jpa.open-in-view to disable this warning
2026-06-15T21:30:30.157-04:00  INFO 4544 --- [ms_promocion] [main] o.s.b.w.embedded.tomcat.TomcatWebServer  : Tomcat started on port 8081 (http) with context path '/'
2026-06-15T21:30:30.175-04:00  INFO 4544 --- [ms_promocion] [main] c.R.ms_promocion.MsPromocionApplication  : Started MsPromocionApplication in 3.48 seconds (process running for 7.307)
2026-06-15T21:33:28.898-04:00  INFO 4544 --- [ms_promocion] [http-nio-8081-exec-1] o.a.c.c.C.[Tomcat].[localhost].[/]       : Initializing Spring DispatcherServlet 'dispatcherServlet'
2026-06-15T21:33:28.899-04:00  INFO 4544 --- [ms_promocion] [http-nio-8081-exec-1] o.s.web.servlet.DispatcherServlet        : Initializing Servlet 'dispatcherServlet'
2026-06-15T21:33:28.900-04:00  INFO 4544 --- [ms_promocion] [http-nio-8081-exec-1] o.s.web.servlet.DispatcherServlet        : Completed initialization in 1 ms
2026-06-15T22:16:41.191-04:00  WARN 4544 --- [ms_promocion] [HikariPool-1 housekeeper] com.zaxxer.hikari.pool.HikariPool        : HikariPool-1 - Thread starvation or clock leap detected (housekeeper delta=14m12s508ms2µs200ns).
2026-06-15T22:25:26.474-04:00  INFO 4544 --- [ms_promocion] [http-nio-8081-exec-8] c.R.m.service.PromocionService           : Iniciando lista de promociones
2026-06-15T22:57:12.593-04:00  INFO 4544 --- [ms_promocion] [http-nio-8081-exec-1] c.R.m.service.PromocionService           : Se esta calculando el porcentaje de descuento con le monto para aplicar la promoción
2026-06-15T22:58:48.719-04:00  INFO 4544 --- [ms_promocion] [http-nio-8081-exec-3] c.R.m.service.PromocionService           : Se esta calculando el porcentaje de descuento con le monto para aplicar la promoción
2026-06-15T22:59:58.184-04:00  INFO 4544 --- [ms_promocion] [http-nio-8081-exec-7] c.R.m.service.PromocionService           : Creando Promoción Promocion(idPromocion=null, codigoPromocion=DESCUENTO, descripcion=descuentoporcualquiercosa, porcentajeDescuento=90.0, activaPromocion=true)
2026-06-15T23:00:06.270-04:00  INFO 4544 --- [ms_promocion] [http-nio-8081-exec-8] c.R.m.service.PromocionService           : Iniciando lista de promociones
2026-06-15T23:00:31.734-04:00  INFO 4544 --- [ms_promocion] [http-nio-8081-exec-5] c.R.m.service.PromocionService           : Se esta calculando el porcentaje de descuento con le monto para aplicar la promoción
2026-06-15T23:02:40.218-04:00  INFO 4544 --- [ms_promocion] [http-nio-8081-exec-1] c.R.m.service.PromocionService           : Se esta calculando el porcentaje de descuento con le monto para aplicar la promoción
2026-06-15T23:04:47.301-04:00  INFO 4544 --- [ms_promocion] [http-nio-8081-exec-2] c.R.m.service.PromocionService           : Se esta calculando el porcentaje de descuento con le monto para aplicar la promoción
2026-06-15T23:08:09.703-04:00  INFO 4544 --- [ms_promocion] [http-nio-8081-exec-3] c.R.m.service.PromocionService           : Se esta calculando el porcentaje de descuento con le monto para aplicar la promoción
2026-06-15T23:11:01.340-04:00  INFO 4544 --- [ms_promocion] [http-nio-8081-exec-6] c.R.m.service.PromocionService           : Creando Promoción Promocion(idPromocion=null, codigoPromocion=HOLA, descripcion=descuentoporcualquiercosa, porcentajeDescuento=90.0, activaPromocion=true)
2026-06-15T23:11:11.695-04:00  INFO 4544 --- [ms_promocion] [http-nio-8081-exec-7] c.R.m.service.PromocionService           : Se esta calculando el porcentaje de descuento con le monto para aplicar la promoción
2026-06-15T23:11:17.983-04:00  INFO 4544 --- [ms_promocion] [http-nio-8081-exec-8] c.R.m.service.PromocionService           : Se esta calculando el porcentaje de descuento con le monto para aplicar la promoción
2026-06-15T23:13:26.387-04:00  INFO 4544 --- [ms_promocion] [http-nio-8081-exec-9] c.R.m.service.PromocionService           : Se esta calculando el porcentaje de descuento con le monto para aplicar la promoción
2026-06-15T23:14:17.760-04:00  INFO 4544 --- [ms_promocion] [http-nio-8081-exec-1] c.R.m.service.PromocionService           : Creando Promoción Promocion(idPromocion=null, codigoPromocion=HOLA, descripcion=descuentoporcualquiercosa, porcentajeDescuento=50.0, activaPromocion=true)
2026-06-15T23:14:24.608-04:00  INFO 4544 --- [ms_promocion] [http-nio-8081-exec-2] c.R.m.service.PromocionService           : Se esta calculando el porcentaje de descuento con le monto para aplicar la promoción
2026-06-15T23:14:24.615-04:00 ERROR 4544 --- [ms_promocion] [http-nio-8081-exec-2] o.a.c.c.C.[.[.[/].[dispatcherServlet]    : Servlet.service() for servlet [dispatcherServlet] in context with path [] threw exception [Request processing failed: org.springframework.dao.IncorrectResultSizeDataAccessException: Query did not return a unique result: 2 results were returned] with root cause

org.hibernate.NonUniqueResultException: Query did not return a unique result: 2 results were returned
	at org.hibernate.query.spi.AbstractSelectionQuery.uniqueElement(AbstractSelectionQuery.java:298) ~[hibernate-core-6.6.2.Final.jar:6.6.2.Final]
	at org.hibernate.query.spi.AbstractSelectionQuery.getSingleResult(AbstractSelectionQuery.java:281) ~[hibernate-core-6.6.2.Final.jar:6.6.2.Final]
	at org.springframework.data.jpa.repository.query.JpaQueryExecution$SingleEntityExecution.doExecute(JpaQueryExecution.java:224) ~[spring-data-jpa-3.4.0.jar:3.4.0]
	at org.springframework.data.jpa.repository.query.JpaQueryExecution.execute(JpaQueryExecution.java:93) ~[spring-data-jpa-3.4.0.jar:3.4.0]
	at org.springframework.data.jpa.repository.query.AbstractJpaQuery.doExecute(AbstractJpaQuery.java:152) ~[spring-data-jpa-3.4.0.jar:3.4.0]
	at org.springframework.data.jpa.repository.query.AbstractJpaQuery.execute(AbstractJpaQuery.java:140) ~[spring-data-jpa-3.4.0.jar:3.4.0]
	at org.springframework.data.repository.core.support.RepositoryMethodInvoker.doInvoke(RepositoryMethodInvoker.java:170) ~[spring-data-commons-3.4.0.jar:3.4.0]
	at org.springframework.data.repository.core.support.RepositoryMethodInvoker.invoke(RepositoryMethodInvoker.java:158) ~[spring-data-commons-3.4.0.jar:3.4.0]
	at org.springframework.data.repository.core.support.QueryExecutorMethodInterceptor.doInvoke(QueryExecutorMethodInterceptor.java:170) ~[spring-data-commons-3.4.0.jar:3.4.0]
	at org.springframework.data.repository.core.support.QueryExecutorMethodInterceptor.invoke(QueryExecutorMethodInterceptor.java:149) ~[spring-data-commons-3.4.0.jar:3.4.0]
	at org.springframework.aop.framework.ReflectiveMethodInvocation.proceed(ReflectiveMethodInvocation.java:184) ~[spring-aop-6.2.0.jar:6.2.0]
	at org.springframework.data.projection.DefaultMethodInvokingMethodInterceptor.invoke(DefaultMethodInvokingMethodInterceptor.java:69) ~[spring-data-commons-3.4.0.jar:3.4.0]
	at org.springframework.aop.framework.ReflectiveMethodInvocation.proceed(ReflectiveMethodInvocation.java:184) ~[spring-aop-6.2.0.jar:6.2.0]
	at org.springframework.transaction.interceptor.TransactionAspectSupport.invokeWithinTransaction(TransactionAspectSupport.java:380) ~[spring-tx-6.2.0.jar:6.2.0]
	at org.springframework.transaction.interceptor.TransactionInterceptor.invoke(TransactionInterceptor.java:119) ~[spring-tx-6.2.0.jar:6.2.0]
	at org.springframework.aop.framework.ReflectiveMethodInvocation.proceed(ReflectiveMethodInvocation.java:184) ~[spring-aop-6.2.0.jar:6.2.0]
	at org.springframework.dao.support.PersistenceExceptionTranslationInterceptor.invoke(PersistenceExceptionTranslationInterceptor.java:138) ~[spring-tx-6.2.0.jar:6.2.0]
	at org.springframework.aop.framework.ReflectiveMethodInvocation.proceed(ReflectiveMethodInvocation.java:184) ~[spring-aop-6.2.0.jar:6.2.0]
	at org.springframework.data.jpa.repository.support.CrudMethodMetadataPostProcessor$CrudMethodMetadataPopulatingMethodInterceptor.invoke(CrudMethodMetadataPostProcessor.java:136) ~[spring-data-jpa-3.4.0.jar:3.4.0]
	at org.springframework.aop.framework.ReflectiveMethodInvocation.proceed(ReflectiveMethodInvocation.java:184) ~[spring-aop-6.2.0.jar:6.2.0]
	at org.springframework.aop.framework.JdkDynamicAopProxy.invoke(JdkDynamicAopProxy.java:223) ~[spring-aop-6.2.0.jar:6.2.0]
	at jdk.proxy2/jdk.proxy2.$Proxy140.findByCodigoPromocion(Unknown Source) ~[na:na]
	at com.ReservaPro.ms_promocion.service.PromocionService.calcularYActivarPromocion(PromocionService.java:44) ~[classes/:na]
	at java.base/jdk.internal.reflect.NativeMethodAccessorImpl.invoke0(Native Method) ~[na:na]
	at java.base/jdk.internal.reflect.NativeMethodAccessorImpl.invoke(NativeMethodAccessorImpl.java:77) ~[na:na]
	at java.base/jdk.internal.reflect.DelegatingMethodAccessorImpl.invoke(DelegatingMethodAccessorImpl.java:43) ~[na:na]
	at java.base/java.lang.reflect.Method.invoke(Method.java:569) ~[na:na]
	at org.springframework.aop.support.AopUtils.invokeJoinpointUsingReflection(AopUtils.java:359) ~[spring-aop-6.2.0.jar:6.2.0]
	at org.springframework.aop.framework.ReflectiveMethodInvocation.invokeJoinpoint(ReflectiveMethodInvocation.java:196) ~[spring-aop-6.2.0.jar:6.2.0]
	at org.springframework.aop.framework.ReflectiveMethodInvocation.proceed(ReflectiveMethodInvocation.java:163) ~[spring-aop-6.2.0.jar:6.2.0]
	at org.springframework.transaction.interceptor.TransactionAspectSupport.invokeWithinTransaction(TransactionAspectSupport.java:380) ~[spring-tx-6.2.0.jar:6.2.0]
	at org.springframework.transaction.interceptor.TransactionInterceptor.invoke(TransactionInterceptor.java:119) ~[spring-tx-6.2.0.jar:6.2.0]
	at org.springframework.aop.framework.ReflectiveMethodInvocation.proceed(ReflectiveMethodInvocation.java:184) ~[spring-aop-6.2.0.jar:6.2.0]
	at org.springframework.aop.framework.CglibAopProxy$DynamicAdvisedInterceptor.intercept(CglibAopProxy.java:727) ~[spring-aop-6.2.0.jar:6.2.0]
	at com.ReservaPro.ms_promocion.service.PromocionService$$SpringCGLIB$$0.calcularYActivarPromocion(<generated>) ~[classes/:na]
	at com.ReservaPro.ms_promocion.controller.PromocionController.calcularYActivarPromocion(PromocionController.java:62) ~[classes/:na]
	at java.base/jdk.internal.reflect.NativeMethodAccessorImpl.invoke0(Native Method) ~[na:na]
	at java.base/jdk.internal.reflect.NativeMethodAccessorImpl.invoke(NativeMethodAccessorImpl.java:77) ~[na:na]
	at java.base/jdk.internal.reflect.DelegatingMethodAccessorImpl.invoke(DelegatingMethodAccessorImpl.java:43) ~[na:na]
	at java.base/java.lang.reflect.Method.invoke(Method.java:569) ~[na:na]
	at org.springframework.web.method.support.InvocableHandlerMethod.doInvoke(InvocableHandlerMethod.java:255) ~[spring-web-6.2.0.jar:6.2.0]
	at org.springframework.web.method.support.InvocableHandlerMethod.invokeForRequest(InvocableHandlerMethod.java:188) ~[spring-web-6.2.0.jar:6.2.0]
	at org.springframework.web.servlet.mvc.method.annotation.ServletInvocableHandlerMethod.invokeAndHandle(ServletInvocableHandlerMethod.java:118) ~[spring-webmvc-6.2.0.jar:6.2.0]
	at org.springframework.web.servlet.mvc.method.annotation.RequestMappingHandlerAdapter.invokeHandlerMethod(RequestMappingHandlerAdapter.java:986) ~[spring-webmvc-6.2.0.jar:6.2.0]
	at org.springframework.web.servlet.mvc.method.annotation.RequestMappingHandlerAdapter.handleInternal(RequestMappingHandlerAdapter.java:891) ~[spring-webmvc-6.2.0.jar:6.2.0]
	at org.springframework.web.servlet.mvc.method.AbstractHandlerMethodAdapter.handle(AbstractHandlerMethodAdapter.java:87) ~[spring-webmvc-6.2.0.jar:6.2.0]
	at org.springframework.web.servlet.DispatcherServlet.doDispatch(DispatcherServlet.java:1088) ~[spring-webmvc-6.2.0.jar:6.2.0]
	at org.springframework.web.servlet.DispatcherServlet.doService(DispatcherServlet.java:978) ~[spring-webmvc-6.2.0.jar:6.2.0]
	at org.springframework.web.servlet.FrameworkServlet.processRequest(FrameworkServlet.java:1014) ~[spring-webmvc-6.2.0.jar:6.2.0]
	at org.springframework.web.servlet.FrameworkServlet.doPost(FrameworkServlet.java:914) ~[spring-webmvc-6.2.0.jar:6.2.0]
	at jakarta.servlet.http.HttpServlet.service(HttpServlet.java:590) ~[tomcat-embed-core-10.1.33.jar:6.0]
	at org.springframework.web.servlet.FrameworkServlet.service(FrameworkServlet.java:885) ~[spring-webmvc-6.2.0.jar:6.2.0]
	at jakarta.servlet.http.HttpServlet.service(HttpServlet.java:658) ~[tomcat-embed-core-10.1.33.jar:6.0]
	at org.apache.catalina.core.ApplicationFilterChain.internalDoFilter(ApplicationFilterChain.java:195) ~[tomcat-embed-core-10.1.33.jar:10.1.33]
	at org.apache.catalina.core.ApplicationFilterChain.doFilter(ApplicationFilterChain.java:140) ~[tomcat-embed-core-10.1.33.jar:10.1.33]
	at org.apache.tomcat.websocket.server.WsFilter.doFilter(WsFilter.java:51) ~[tomcat-embed-websocket-10.1.33.jar:10.1.33]
	at org.apache.catalina.core.ApplicationFilterChain.internalDoFilter(ApplicationFilterChain.java:164) ~[tomcat-embed-core-10.1.33.jar:10.1.33]
	at org.apache.catalina.core.ApplicationFilterChain.doFilter(ApplicationFilterChain.java:140) ~[tomcat-embed-core-10.1.33.jar:10.1.33]
	at org.springframework.web.filter.RequestContextFilter.doFilterInternal(RequestContextFilter.java:100) ~[spring-web-6.2.0.jar:6.2.0]
	at org.springframework.web.filter.OncePerRequestFilter.doFilter(OncePerRequestFilter.java:116) ~[spring-web-6.2.0.jar:6.2.0]
	at org.apache.catalina.core.ApplicationFilterChain.internalDoFilter(ApplicationFilterChain.java:164) ~[tomcat-embed-core-10.1.33.jar:10.1.33]
	at org.apache.catalina.core.ApplicationFilterChain.doFilter(ApplicationFilterChain.java:140) ~[tomcat-embed-core-10.1.33.jar:10.1.33]
	at org.springframework.web.filter.FormContentFilter.doFilterInternal(FormContentFilter.java:93) ~[spring-web-6.2.0.jar:6.2.0]
	at org.springframework.web.filter.OncePerRequestFilter.doFilter(OncePerRequestFilter.java:116) ~[spring-web-6.2.0.jar:6.2.0]
	at org.apache.catalina.core.ApplicationFilterChain.internalDoFilter(ApplicationFilterChain.java:164) ~[tomcat-embed-core-10.1.33.jar:10.1.33]
	at org.apache.catalina.core.ApplicationFilterChain.doFilter(ApplicationFilterChain.java:140) ~[tomcat-embed-core-10.1.33.jar:10.1.33]
	at org.springframework.web.filter.CharacterEncodingFilter.doFilterInternal(CharacterEncodingFilter.java:201) ~[spring-web-6.2.0.jar:6.2.0]
	at org.springframework.web.filter.OncePerRequestFilter.doFilter(OncePerRequestFilter.java:116) ~[spring-web-6.2.0.jar:6.2.0]
	at org.apache.catalina.core.ApplicationFilterChain.internalDoFilter(ApplicationFilterChain.java:164) ~[tomcat-embed-core-10.1.33.jar:10.1.33]
	at org.apache.catalina.core.ApplicationFilterChain.doFilter(ApplicationFilterChain.java:140) ~[tomcat-embed-core-10.1.33.jar:10.1.33]
	at org.apache.catalina.core.StandardWrapperValve.invoke(StandardWrapperValve.java:167) ~[tomcat-embed-core-10.1.33.jar:10.1.33]
	at org.apache.catalina.core.StandardContextValve.invoke(StandardContextValve.java:90) ~[tomcat-embed-core-10.1.33.jar:10.1.33]
	at org.apache.catalina.authenticator.AuthenticatorBase.invoke(AuthenticatorBase.java:483) ~[tomcat-embed-core-10.1.33.jar:10.1.33]
	at org.apache.catalina.core.StandardHostValve.invoke(StandardHostValve.java:115) ~[tomcat-embed-core-10.1.33.jar:10.1.33]
	at org.apache.catalina.valves.ErrorReportValve.invoke(ErrorReportValve.java:93) ~[tomcat-embed-core-10.1.33.jar:10.1.33]
	at org.apache.catalina.core.StandardEngineValve.invoke(StandardEngineValve.java:74) ~[tomcat-embed-core-10.1.33.jar:10.1.33]
	at org.apache.catalina.connector.CoyoteAdapter.service(CoyoteAdapter.java:344) ~[tomcat-embed-core-10.1.33.jar:10.1.33]
	at org.apache.coyote.http11.Http11Processor.service(Http11Processor.java:397) ~[tomcat-embed-core-10.1.33.jar:10.1.33]
	at org.apache.coyote.AbstractProcessorLight.process(AbstractProcessorLight.java:63) ~[tomcat-embed-core-10.1.33.jar:10.1.33]
	at org.apache.coyote.AbstractProtocol$ConnectionHandler.process(AbstractProtocol.java:905) ~[tomcat-embed-core-10.1.33.jar:10.1.33]
	at org.apache.tomcat.util.net.NioEndpoint$SocketProcessor.doRun(NioEndpoint.java:1741) ~[tomcat-embed-core-10.1.33.jar:10.1.33]
	at org.apache.tomcat.util.net.SocketProcessorBase.run(SocketProcessorBase.java:52) ~[tomcat-embed-core-10.1.33.jar:10.1.33]
	at org.apache.tomcat.util.threads.ThreadPoolExecutor.runWorker(ThreadPoolExecutor.java:1190) ~[tomcat-embed-core-10.1.33.jar:10.1.33]
	at org.apache.tomcat.util.threads.ThreadPoolExecutor$Worker.run(ThreadPoolExecutor.java:659) ~[tomcat-embed-core-10.1.33.jar:10.1.33]
	at org.apache.tomcat.util.threads.TaskThread$WrappingRunnable.run(TaskThread.java:63) ~[tomcat-embed-core-10.1.33.jar:10.1.33]
	at java.base/java.lang.Thread.run(Thread.java:840) ~[na:na]

2026-06-15T23:16:36.644-04:00  INFO 4544 --- [ms_promocion] [http-nio-8081-exec-4] c.R.m.service.PromocionService           : Se esta calculando el porcentaje de descuento con le monto para aplicar la promoción
2026-06-15T23:21:18.482-04:00  INFO 4544 --- [ms_promocion] [http-nio-8081-exec-7] c.R.m.service.PromocionService           : Creando Promoción Promocion(idPromocion=null, codigoPromocion=BEBE, descripcion=descuentoporcualquiercosa, porcentajeDescuento=50.0, activaPromocion=true)
2026-06-15T23:21:21.309-04:00  INFO 4544 --- [ms_promocion] [http-nio-8081-exec-8] c.R.m.service.PromocionService           : Iniciando lista de promociones
2026-06-15T23:21:33.544-04:00  INFO 4544 --- [ms_promocion] [http-nio-8081-exec-5] c.R.m.service.PromocionService           : Se esta calculando el porcentaje de descuento con le monto para aplicar la promoción
2026-06-15T23:21:51.835-04:00  INFO 4544 --- [ms_promocion] [SpringApplicationShutdownHook] o.s.b.w.e.tomcat.GracefulShutdown        : Commencing graceful shutdown. Waiting for active requests to complete
2026-06-15T23:21:51.864-04:00  INFO 4544 --- [ms_promocion] [tomcat-shutdown] o.s.b.w.e.tomcat.GracefulShutdown        : Graceful shutdown complete
2026-06-15T23:21:51.866-04:00  INFO 4544 --- [ms_promocion] [SpringApplicationShutdownHook] j.LocalContainerEntityManagerFactoryBean : Closing JPA EntityManagerFactory for persistence unit 'default'
2026-06-15T23:21:51.868-04:00  INFO 4544 --- [ms_promocion] [SpringApplicationShutdownHook] com.zaxxer.hikari.HikariDataSource       : HikariPool-1 - Shutdown initiated...
2026-06-15T23:21:51.870-04:00  INFO 4544 --- [ms_promocion] [SpringApplicationShutdownHook] com.zaxxer.hikari.HikariDataSource       : HikariPool-1 - Shutdown completed.
2026-06-15T23:21:57.003-04:00  INFO 20220 --- [ms_promocion] [main] c.R.ms_promocion.MsPromocionApplication  : Starting MsPromocionApplication using Java 17.0.19 with PID 20220 (C:\Users\isaac\OneDrive\Escritorio\ms_promocion\ms_promocion\target\classes started by isaac in C:\Users\isaac\OneDrive\Escritorio\ms_promocion)
2026-06-15T23:21:57.005-04:00  INFO 20220 --- [ms_promocion] [main] c.R.ms_promocion.MsPromocionApplication  : No active profile set, falling back to 1 default profile: "default"
2026-06-15T23:21:57.480-04:00  INFO 20220 --- [ms_promocion] [main] .s.d.r.c.RepositoryConfigurationDelegate : Bootstrapping Spring Data JPA repositories in DEFAULT mode.
2026-06-15T23:21:57.514-04:00  INFO 20220 --- [ms_promocion] [main] .s.d.r.c.RepositoryConfigurationDelegate : Finished Spring Data repository scanning in 28 ms. Found 1 JPA repository interface.
2026-06-15T23:21:57.621-04:00  INFO 20220 --- [ms_promocion] [main] o.s.cloud.context.scope.GenericScope     : BeanFactory id=990bc65a-4d76-3843-b2e6-6d8a80cdbeb7
2026-06-15T23:21:57.842-04:00  INFO 20220 --- [ms_promocion] [main] o.s.b.w.embedded.tomcat.TomcatWebServer  : Tomcat initialized with port 8081 (http)
2026-06-15T23:21:57.850-04:00  INFO 20220 --- [ms_promocion] [main] o.apache.catalina.core.StandardService   : Starting service [Tomcat]
2026-06-15T23:21:57.850-04:00  INFO 20220 --- [ms_promocion] [main] o.apache.catalina.core.StandardEngine    : Starting Servlet engine: [Apache Tomcat/10.1.33]
2026-06-15T23:21:57.890-04:00  INFO 20220 --- [ms_promocion] [main] o.a.c.c.C.[Tomcat].[localhost].[/]       : Initializing Spring embedded WebApplicationContext
2026-06-15T23:21:57.891-04:00  INFO 20220 --- [ms_promocion] [main] w.s.c.ServletWebServerApplicationContext : Root WebApplicationContext: initialization completed in 854 ms
2026-06-15T23:21:58.019-04:00  INFO 20220 --- [ms_promocion] [main] com.zaxxer.hikari.HikariDataSource       : HikariPool-1 - Starting...
2026-06-15T23:21:58.194-04:00  INFO 20220 --- [ms_promocion] [main] com.zaxxer.hikari.pool.HikariPool        : HikariPool-1 - Added connection com.mysql.cj.jdbc.ConnectionImpl@5cc3e49b
2026-06-15T23:21:58.196-04:00  INFO 20220 --- [ms_promocion] [main] com.zaxxer.hikari.HikariDataSource       : HikariPool-1 - Start completed.
2026-06-15T23:21:58.225-04:00  INFO 20220 --- [ms_promocion] [main] org.flywaydb.core.FlywayExecutor         : Database: jdbc:mysql://localhost:3306/ms_promocion (MySQL 8.4)
2026-06-15T23:21:58.234-04:00  WARN 20220 --- [ms_promocion] [main] o.f.c.internal.database.base.Database    : Flyway upgrade recommended: MySQL 8.4 is newer than this version of Flyway and support has not been tested. The latest supported version of MySQL is 8.1.
2026-06-15T23:21:58.259-04:00  INFO 20220 --- [ms_promocion] [main] o.f.core.internal.command.DbValidate     : Successfully validated 2 migrations (execution time 00:00.018s)
2026-06-15T23:21:58.270-04:00  INFO 20220 --- [ms_promocion] [main] o.f.core.internal.command.DbMigrate      : Current version of schema `ms_promocion`: 2
2026-06-15T23:21:58.272-04:00  INFO 20220 --- [ms_promocion] [main] o.f.core.internal.command.DbMigrate      : Schema `ms_promocion` is up to date. No migration necessary.
2026-06-15T23:21:58.320-04:00  INFO 20220 --- [ms_promocion] [main] o.hibernate.jpa.internal.util.LogHelper  : HHH000204: Processing PersistenceUnitInfo [name: default]
2026-06-15T23:21:58.353-04:00  INFO 20220 --- [ms_promocion] [main] org.hibernate.Version                    : HHH000412: Hibernate ORM core version 6.6.2.Final
2026-06-15T23:21:58.371-04:00  INFO 20220 --- [ms_promocion] [main] o.h.c.internal.RegionFactoryInitiator    : HHH000026: Second-level cache disabled
2026-06-15T23:21:58.539-04:00  INFO 20220 --- [ms_promocion] [main] o.s.o.j.p.SpringPersistenceUnitInfo      : No LoadTimeWeaver setup: ignoring JPA class transformer
2026-06-15T23:21:58.576-04:00  WARN 20220 --- [ms_promocion] [main] org.hibernate.orm.deprecation            : HHH90000025: MySQLDialect does not need to be specified explicitly using 'hibernate.dialect' (remove the property setting and it will be selected by default)
2026-06-15T23:21:58.585-04:00  INFO 20220 --- [ms_promocion] [main] org.hibernate.orm.connections.pooling    : HHH10001005: Database info:
	Database JDBC URL [Connecting through datasource 'HikariDataSource (HikariPool-1)']
	Database driver: undefined/unknown
	Database version: 8.4.3
	Autocommit mode: undefined/unknown
	Isolation level: undefined/unknown
	Minimum pool size: undefined/unknown
	Maximum pool size: undefined/unknown
2026-06-15T23:21:59.051-04:00  INFO 20220 --- [ms_promocion] [main] o.h.e.t.j.p.i.JtaPlatformInitiator       : HHH000489: No JTA platform available (set 'hibernate.transaction.jta.platform' to enable JTA platform integration)
2026-06-15T23:21:59.068-04:00  INFO 20220 --- [ms_promocion] [main] j.LocalContainerEntityManagerFactoryBean : Initialized JPA EntityManagerFactory for persistence unit 'default'
2026-06-15T23:21:59.274-04:00  WARN 20220 --- [ms_promocion] [main] JpaBaseConfiguration$JpaWebConfiguration : spring.jpa.open-in-view is enabled by default. Therefore, database queries may be performed during view rendering. Explicitly configure spring.jpa.open-in-view to disable this warning
2026-06-15T23:21:59.538-04:00  INFO 20220 --- [ms_promocion] [main] o.s.b.w.embedded.tomcat.TomcatWebServer  : Tomcat started on port 8081 (http) with context path '/'
2026-06-15T23:21:59.569-04:00  INFO 20220 --- [ms_promocion] [main] c.R.ms_promocion.MsPromocionApplication  : Started MsPromocionApplication in 2.885 seconds (process running for 3.181)
2026-06-15T23:22:05.345-04:00  INFO 20220 --- [ms_promocion] [http-nio-8081-exec-1] o.a.c.c.C.[Tomcat].[localhost].[/]       : Initializing Spring DispatcherServlet 'dispatcherServlet'
2026-06-15T23:22:05.346-04:00  INFO 20220 --- [ms_promocion] [http-nio-8081-exec-1] o.s.web.servlet.DispatcherServlet        : Initializing Servlet 'dispatcherServlet'
2026-06-15T23:22:05.347-04:00  INFO 20220 --- [ms_promocion] [http-nio-8081-exec-1] o.s.web.servlet.DispatcherServlet        : Completed initialization in 0 ms
2026-06-15T23:22:05.376-04:00  INFO 20220 --- [ms_promocion] [http-nio-8081-exec-1] c.R.m.service.PromocionService           : Se esta calculando el porcentaje de descuento con le monto para aplicar la promoción
2026-06-15T23:22:07.079-04:00  INFO 20220 --- [ms_promocion] [http-nio-8081-exec-2] c.R.m.service.PromocionService           : Se esta calculando el porcentaje de descuento con le monto para aplicar la promoción
2026-06-15T23:24:08.893-04:00  INFO 20220 --- [ms_promocion] [SpringApplicationShutdownHook] o.s.b.w.e.tomcat.GracefulShutdown        : Commencing graceful shutdown. Waiting for active requests to complete
2026-06-15T23:24:08.921-04:00  INFO 20220 --- [ms_promocion] [tomcat-shutdown] o.s.b.w.e.tomcat.GracefulShutdown        : Graceful shutdown complete
2026-06-15T23:24:08.923-04:00  INFO 20220 --- [ms_promocion] [SpringApplicationShutdownHook] j.LocalContainerEntityManagerFactoryBean : Closing JPA EntityManagerFactory for persistence unit 'default'
2026-06-15T23:24:08.924-04:00  INFO 20220 --- [ms_promocion] [SpringApplicationShutdownHook] com.zaxxer.hikari.HikariDataSource       : HikariPool-1 - Shutdown initiated...
2026-06-15T23:24:08.928-04:00  INFO 20220 --- [ms_promocion] [SpringApplicationShutdownHook] com.zaxxer.hikari.HikariDataSource       : HikariPool-1 - Shutdown completed.
2026-06-15T23:24:10.278-04:00  INFO 7400 --- [ms_promocion] [main] c.R.ms_promocion.MsPromocionApplication  : Starting MsPromocionApplication using Java 17.0.19 with PID 7400 (C:\Users\isaac\OneDrive\Escritorio\ms_promocion\ms_promocion\target\classes started by isaac in C:\Users\isaac\OneDrive\Escritorio\ms_promocion)
2026-06-15T23:24:10.279-04:00  INFO 7400 --- [ms_promocion] [main] c.R.ms_promocion.MsPromocionApplication  : No active profile set, falling back to 1 default profile: "default"
2026-06-15T23:24:10.756-04:00  INFO 7400 --- [ms_promocion] [main] .s.d.r.c.RepositoryConfigurationDelegate : Bootstrapping Spring Data JPA repositories in DEFAULT mode.
2026-06-15T23:24:10.791-04:00  INFO 7400 --- [ms_promocion] [main] .s.d.r.c.RepositoryConfigurationDelegate : Finished Spring Data repository scanning in 29 ms. Found 1 JPA repository interface.
2026-06-15T23:24:10.899-04:00  INFO 7400 --- [ms_promocion] [main] o.s.cloud.context.scope.GenericScope     : BeanFactory id=990bc65a-4d76-3843-b2e6-6d8a80cdbeb7
2026-06-15T23:24:11.129-04:00  INFO 7400 --- [ms_promocion] [main] o.s.b.w.embedded.tomcat.TomcatWebServer  : Tomcat initialized with port 8081 (http)
2026-06-15T23:24:11.136-04:00  INFO 7400 --- [ms_promocion] [main] o.apache.catalina.core.StandardService   : Starting service [Tomcat]
2026-06-15T23:24:11.137-04:00  INFO 7400 --- [ms_promocion] [main] o.apache.catalina.core.StandardEngine    : Starting Servlet engine: [Apache Tomcat/10.1.33]
2026-06-15T23:24:11.175-04:00  INFO 7400 --- [ms_promocion] [main] o.a.c.c.C.[Tomcat].[localhost].[/]       : Initializing Spring embedded WebApplicationContext
2026-06-15T23:24:11.175-04:00  INFO 7400 --- [ms_promocion] [main] w.s.c.ServletWebServerApplicationContext : Root WebApplicationContext: initialization completed in 865 ms
2026-06-15T23:24:11.305-04:00  INFO 7400 --- [ms_promocion] [main] com.zaxxer.hikari.HikariDataSource       : HikariPool-1 - Starting...
2026-06-15T23:24:11.481-04:00  INFO 7400 --- [ms_promocion] [main] com.zaxxer.hikari.pool.HikariPool        : HikariPool-1 - Added connection com.mysql.cj.jdbc.ConnectionImpl@5f883d90
2026-06-15T23:24:11.483-04:00  INFO 7400 --- [ms_promocion] [main] com.zaxxer.hikari.HikariDataSource       : HikariPool-1 - Start completed.
2026-06-15T23:24:11.509-04:00  INFO 7400 --- [ms_promocion] [main] org.flywaydb.core.FlywayExecutor         : Database: jdbc:mysql://localhost:3306/ms_promocion (MySQL 8.4)
2026-06-15T23:24:11.517-04:00  WARN 7400 --- [ms_promocion] [main] o.f.c.internal.database.base.Database    : Flyway upgrade recommended: MySQL 8.4 is newer than this version of Flyway and support has not been tested. The latest supported version of MySQL is 8.1.
2026-06-15T23:24:11.541-04:00  INFO 7400 --- [ms_promocion] [main] o.f.core.internal.command.DbValidate     : Successfully validated 2 migrations (execution time 00:00.017s)
2026-06-15T23:24:11.551-04:00  INFO 7400 --- [ms_promocion] [main] o.f.core.internal.command.DbMigrate      : Current version of schema `ms_promocion`: 2
2026-06-15T23:24:11.553-04:00  INFO 7400 --- [ms_promocion] [main] o.f.core.internal.command.DbMigrate      : Schema `ms_promocion` is up to date. No migration necessary.
2026-06-15T23:24:11.599-04:00  INFO 7400 --- [ms_promocion] [main] o.hibernate.jpa.internal.util.LogHelper  : HHH000204: Processing PersistenceUnitInfo [name: default]
2026-06-15T23:24:11.629-04:00  INFO 7400 --- [ms_promocion] [main] org.hibernate.Version                    : HHH000412: Hibernate ORM core version 6.6.2.Final
2026-06-15T23:24:11.650-04:00  INFO 7400 --- [ms_promocion] [main] o.h.c.internal.RegionFactoryInitiator    : HHH000026: Second-level cache disabled
2026-06-15T23:24:11.812-04:00  INFO 7400 --- [ms_promocion] [main] o.s.o.j.p.SpringPersistenceUnitInfo      : No LoadTimeWeaver setup: ignoring JPA class transformer
2026-06-15T23:24:11.849-04:00  WARN 7400 --- [ms_promocion] [main] org.hibernate.orm.deprecation            : HHH90000025: MySQLDialect does not need to be specified explicitly using 'hibernate.dialect' (remove the property setting and it will be selected by default)
2026-06-15T23:24:11.858-04:00  INFO 7400 --- [ms_promocion] [main] org.hibernate.orm.connections.pooling    : HHH10001005: Database info:
	Database JDBC URL [Connecting through datasource 'HikariDataSource (HikariPool-1)']
	Database driver: undefined/unknown
	Database version: 8.4.3
	Autocommit mode: undefined/unknown
	Isolation level: undefined/unknown
	Minimum pool size: undefined/unknown
	Maximum pool size: undefined/unknown
2026-06-15T23:24:12.338-04:00  INFO 7400 --- [ms_promocion] [main] o.h.e.t.j.p.i.JtaPlatformInitiator       : HHH000489: No JTA platform available (set 'hibernate.transaction.jta.platform' to enable JTA platform integration)
2026-06-15T23:24:12.356-04:00  INFO 7400 --- [ms_promocion] [main] j.LocalContainerEntityManagerFactoryBean : Initialized JPA EntityManagerFactory for persistence unit 'default'
2026-06-15T23:24:12.585-04:00  WARN 7400 --- [ms_promocion] [main] JpaBaseConfiguration$JpaWebConfiguration : spring.jpa.open-in-view is enabled by default. Therefore, database queries may be performed during view rendering. Explicitly configure spring.jpa.open-in-view to disable this warning
2026-06-15T23:24:12.895-04:00  INFO 7400 --- [ms_promocion] [main] o.s.b.w.embedded.tomcat.TomcatWebServer  : Tomcat started on port 8081 (http) with context path '/'
2026-06-15T23:24:12.918-04:00  INFO 7400 --- [ms_promocion] [main] c.R.ms_promocion.MsPromocionApplication  : Started MsPromocionApplication in 2.987 seconds (process running for 3.287)
2026-06-15T23:24:23.479-04:00  INFO 7400 --- [ms_promocion] [http-nio-8081-exec-1] o.a.c.c.C.[Tomcat].[localhost].[/]       : Initializing Spring DispatcherServlet 'dispatcherServlet'
2026-06-15T23:24:23.479-04:00  INFO 7400 --- [ms_promocion] [http-nio-8081-exec-1] o.s.web.servlet.DispatcherServlet        : Initializing Servlet 'dispatcherServlet'
2026-06-15T23:24:23.480-04:00  INFO 7400 --- [ms_promocion] [http-nio-8081-exec-1] o.s.web.servlet.DispatcherServlet        : Completed initialization in 1 ms
2026-06-15T23:24:23.542-04:00  INFO 7400 --- [ms_promocion] [http-nio-8081-exec-1] c.R.m.service.PromocionService           : Creando Promoción Promocion(idPromocion=null, codigoPromocion=AKSDKAS, descripcion=........, porcentajeDescuento=50.0, activaPromocion=true)
2026-06-15T23:24:32.033-04:00  INFO 7400 --- [ms_promocion] [http-nio-8081-exec-3] c.R.m.service.PromocionService           : Se esta calculando el porcentaje de descuento con le monto para aplicar la promoción
2026-06-15T23:24:45.337-04:00  INFO 7400 --- [ms_promocion] [http-nio-8081-exec-4] c.R.m.service.PromocionService           : Se esta calculando el porcentaje de descuento con le monto para aplicar la promoción
2026-06-15T23:24:59.784-04:00  INFO 7400 --- [ms_promocion] [http-nio-8081-exec-7] c.R.m.service.PromocionService           : Se esta calculando el porcentaje de descuento con le monto para aplicar la promoción
2026-06-15T23:29:07.358-04:00  INFO 7400 --- [ms_promocion] [SpringApplicationShutdownHook] o.s.b.w.e.tomcat.GracefulShutdown        : Commencing graceful shutdown. Waiting for active requests to complete
2026-06-15T23:29:07.386-04:00  INFO 7400 --- [ms_promocion] [tomcat-shutdown] o.s.b.w.e.tomcat.GracefulShutdown        : Graceful shutdown complete
2026-06-15T23:29:07.389-04:00  INFO 7400 --- [ms_promocion] [SpringApplicationShutdownHook] j.LocalContainerEntityManagerFactoryBean : Closing JPA EntityManagerFactory for persistence unit 'default'
2026-06-15T23:29:07.390-04:00  INFO 7400 --- [ms_promocion] [SpringApplicationShutdownHook] com.zaxxer.hikari.HikariDataSource       : HikariPool-1 - Shutdown initiated...
2026-06-15T23:29:07.394-04:00  INFO 7400 --- [ms_promocion] [SpringApplicationShutdownHook] com.zaxxer.hikari.HikariDataSource       : HikariPool-1 - Shutdown completed.
2026-06-17T20:39:43.494-04:00  INFO 29380 --- [ms_promocion] [main] c.R.ms_promocion.MsPromocionApplication  : Starting MsPromocionApplication using Java 21.0.9 with PID 29380 (C:\Users\va-alumno\Documents\GitHub\ms_pago\ms_promocion\ms_promocion\target\classes started by VA-Alumno in C:\Users\va-alumno\Documents\GitHub\ms_pago\ms_promocion)
2026-06-17T20:39:43.495-04:00  INFO 29380 --- [ms_promocion] [main] c.R.ms_promocion.MsPromocionApplication  : No active profile set, falling back to 1 default profile: "default"
2026-06-17T20:39:43.944-04:00  INFO 29380 --- [ms_promocion] [main] .s.d.r.c.RepositoryConfigurationDelegate : Bootstrapping Spring Data JPA repositories in DEFAULT mode.
2026-06-17T20:39:43.975-04:00  INFO 29380 --- [ms_promocion] [main] .s.d.r.c.RepositoryConfigurationDelegate : Finished Spring Data repository scanning in 26 ms. Found 1 JPA repository interface.
2026-06-17T20:39:44.081-04:00  INFO 29380 --- [ms_promocion] [main] o.s.cloud.context.scope.GenericScope     : BeanFactory id=990bc65a-4d76-3843-b2e6-6d8a80cdbeb7
2026-06-17T20:39:44.281-04:00  INFO 29380 --- [ms_promocion] [main] o.s.b.w.embedded.tomcat.TomcatWebServer  : Tomcat initialized with port 8081 (http)
2026-06-17T20:39:44.290-04:00  INFO 29380 --- [ms_promocion] [main] o.apache.catalina.core.StandardService   : Starting service [Tomcat]
2026-06-17T20:39:44.291-04:00  INFO 29380 --- [ms_promocion] [main] o.apache.catalina.core.StandardEngine    : Starting Servlet engine: [Apache Tomcat/10.1.33]
2026-06-17T20:39:44.333-04:00  INFO 29380 --- [ms_promocion] [main] o.a.c.c.C.[Tomcat].[localhost].[/]       : Initializing Spring embedded WebApplicationContext
2026-06-17T20:39:44.333-04:00  INFO 29380 --- [ms_promocion] [main] w.s.c.ServletWebServerApplicationContext : Root WebApplicationContext: initialization completed in 810 ms
2026-06-17T20:39:44.458-04:00  INFO 29380 --- [ms_promocion] [main] com.zaxxer.hikari.HikariDataSource       : HikariPool-1 - Starting...
2026-06-17T20:39:45.520-04:00  WARN 29380 --- [ms_promocion] [main] ConfigServletWebServerApplicationContext : Exception encountered during context initialization - cancelling refresh attempt: org.springframework.beans.factory.BeanCreationException: Error creating bean with name 'entityManagerFactory' defined in class path resource [org/springframework/boot/autoconfigure/orm/jpa/HibernateJpaConfiguration.class]: Failed to initialize dependency 'flywayInitializer' of LoadTimeWeaverAware bean 'entityManagerFactory': Error creating bean with name 'flywayInitializer' defined in class path resource [org/springframework/boot/autoconfigure/flyway/FlywayAutoConfiguration$FlywayConfiguration.class]: Unable to obtain connection from database: Communications link failure

The last packet sent successfully to the server was 0 milliseconds ago. The driver has not received any packets from the server.
--------------------------------------------------------------------------------------------------------------------------------------------------------------------------------------------------------
SQL State  : 08S01
Error Code : 0
Message    : Communications link failure

The last packet sent successfully to the server was 0 milliseconds ago. The driver has not received any packets from the server.

2026-06-17T20:39:45.522-04:00  INFO 29380 --- [ms_promocion] [main] o.apache.catalina.core.StandardService   : Stopping service [Tomcat]
2026-06-17T20:39:45.528-04:00  INFO 29380 --- [ms_promocion] [main] .s.b.a.l.ConditionEvaluationReportLogger : 

Error starting ApplicationContext. To display the condition evaluation report re-run your application with 'debug' enabled.
2026-06-17T20:39:45.538-04:00 ERROR 29380 --- [ms_promocion] [main] o.s.boot.SpringApplication               : Application run failed

org.springframework.beans.factory.BeanCreationException: Error creating bean with name 'entityManagerFactory' defined in class path resource [org/springframework/boot/autoconfigure/orm/jpa/HibernateJpaConfiguration.class]: Failed to initialize dependency 'flywayInitializer' of LoadTimeWeaverAware bean 'entityManagerFactory': Error creating bean with name 'flywayInitializer' defined in class path resource [org/springframework/boot/autoconfigure/flyway/FlywayAutoConfiguration$FlywayConfiguration.class]: Unable to obtain connection from database: Communications link failure

The last packet sent successfully to the server was 0 milliseconds ago. The driver has not received any packets from the server.
--------------------------------------------------------------------------------------------------------------------------------------------------------------------------------------------------------
SQL State  : 08S01
Error Code : 0
Message    : Communications link failure

The last packet sent successfully to the server was 0 milliseconds ago. The driver has not received any packets from the server.

	at org.springframework.beans.factory.support.AbstractBeanFactory.doGetBean(AbstractBeanFactory.java:325) ~[spring-beans-6.2.0.jar:6.2.0]
	at org.springframework.beans.factory.support.AbstractBeanFactory.getBean(AbstractBeanFactory.java:204) ~[spring-beans-6.2.0.jar:6.2.0]
	at org.springframework.context.support.AbstractApplicationContext.finishBeanFactoryInitialization(AbstractApplicationContext.java:970) ~[spring-context-6.2.0.jar:6.2.0]
	at org.springframework.context.support.AbstractApplicationContext.refresh(AbstractApplicationContext.java:627) ~[spring-context-6.2.0.jar:6.2.0]
	at org.springframework.boot.web.servlet.context.ServletWebServerApplicationContext.refresh(ServletWebServerApplicationContext.java:146) ~[spring-boot-3.4.0.jar:3.4.0]
	at org.springframework.boot.SpringApplication.refresh(SpringApplication.java:752) ~[spring-boot-3.4.0.jar:3.4.0]
	at org.springframework.boot.SpringApplication.refreshContext(SpringApplication.java:439) ~[spring-boot-3.4.0.jar:3.4.0]
	at org.springframework.boot.SpringApplication.run(SpringApplication.java:318) ~[spring-boot-3.4.0.jar:3.4.0]
	at org.springframework.boot.SpringApplication.run(SpringApplication.java:1361) ~[spring-boot-3.4.0.jar:3.4.0]
	at org.springframework.boot.SpringApplication.run(SpringApplication.java:1350) ~[spring-boot-3.4.0.jar:3.4.0]
	at com.ReservaPro.ms_promocion.MsPromocionApplication.main(MsPromocionApplication.java:10) ~[classes/:na]
Caused by: org.springframework.beans.factory.BeanCreationException: Error creating bean with name 'flywayInitializer' defined in class path resource [org/springframework/boot/autoconfigure/flyway/FlywayAutoConfiguration$FlywayConfiguration.class]: Unable to obtain connection from database: Communications link failure

The last packet sent successfully to the server was 0 milliseconds ago. The driver has not received any packets from the server.
--------------------------------------------------------------------------------------------------------------------------------------------------------------------------------------------------------
SQL State  : 08S01
Error Code : 0
Message    : Communications link failure

The last packet sent successfully to the server was 0 milliseconds ago. The driver has not received any packets from the server.

	at org.springframework.beans.factory.support.AbstractAutowireCapableBeanFactory.initializeBean(AbstractAutowireCapableBeanFactory.java:1802) ~[spring-beans-6.2.0.jar:6.2.0]
	at org.springframework.beans.factory.support.AbstractAutowireCapableBeanFactory.doCreateBean(AbstractAutowireCapableBeanFactory.java:601) ~[spring-beans-6.2.0.jar:6.2.0]
	at org.springframework.beans.factory.support.AbstractAutowireCapableBeanFactory.createBean(AbstractAutowireCapableBeanFactory.java:523) ~[spring-beans-6.2.0.jar:6.2.0]
	at org.springframework.beans.factory.support.AbstractBeanFactory.lambda$doGetBean$0(AbstractBeanFactory.java:336) ~[spring-beans-6.2.0.jar:6.2.0]
	at org.springframework.beans.factory.support.DefaultSingletonBeanRegistry.getSingleton(DefaultSingletonBeanRegistry.java:288) ~[spring-beans-6.2.0.jar:6.2.0]
	at org.springframework.beans.factory.support.AbstractBeanFactory.doGetBean(AbstractBeanFactory.java:334) ~[spring-beans-6.2.0.jar:6.2.0]
	at org.springframework.beans.factory.support.AbstractBeanFactory.getBean(AbstractBeanFactory.java:199) ~[spring-beans-6.2.0.jar:6.2.0]
	at org.springframework.beans.factory.support.AbstractBeanFactory.doGetBean(AbstractBeanFactory.java:312) ~[spring-beans-6.2.0.jar:6.2.0]
	... 10 common frames omitted
Caused by: org.flywaydb.core.internal.exception.FlywaySqlException: Unable to obtain connection from database: Communications link failure

The last packet sent successfully to the server was 0 milliseconds ago. The driver has not received any packets from the server.
--------------------------------------------------------------------------------------------------------------------------------------------------------------------------------------------------------
SQL State  : 08S01
Error Code : 0
Message    : Communications link failure

The last packet sent successfully to the server was 0 milliseconds ago. The driver has not received any packets from the server.

	at org.flywaydb.core.internal.jdbc.JdbcUtils.openConnection(JdbcUtils.java:71) ~[flyway-core-10.20.1.jar:na]
	at org.flywaydb.core.internal.jdbc.JdbcConnectionFactory.<init>(JdbcConnectionFactory.java:76) ~[flyway-core-10.20.1.jar:na]
	at org.flywaydb.core.FlywayExecutor.execute(FlywayExecutor.java:137) ~[flyway-core-10.20.1.jar:na]
	at org.flywaydb.core.Flyway.migrate(Flyway.java:176) ~[flyway-core-10.20.1.jar:na]
	at org.springframework.boot.autoconfigure.flyway.FlywayMigrationInitializer.afterPropertiesSet(FlywayMigrationInitializer.java:66) ~[spring-boot-autoconfigure-3.4.0.jar:3.4.0]
	at org.springframework.beans.factory.support.AbstractAutowireCapableBeanFactory.invokeInitMethods(AbstractAutowireCapableBeanFactory.java:1849) ~[spring-beans-6.2.0.jar:6.2.0]
	at org.springframework.beans.factory.support.AbstractAutowireCapableBeanFactory.initializeBean(AbstractAutowireCapableBeanFactory.java:1798) ~[spring-beans-6.2.0.jar:6.2.0]
	... 17 common frames omitted
Caused by: com.mysql.cj.jdbc.exceptions.CommunicationsException: Communications link failure

The last packet sent successfully to the server was 0 milliseconds ago. The driver has not received any packets from the server.
	at com.mysql.cj.jdbc.exceptions.SQLError.createCommunicationsException(SQLError.java:165) ~[mysql-connector-j-9.1.0.jar:9.1.0]
	at com.mysql.cj.jdbc.exceptions.SQLExceptionsMapping.translateException(SQLExceptionsMapping.java:55) ~[mysql-connector-j-9.1.0.jar:9.1.0]
	at com.mysql.cj.jdbc.ConnectionImpl.createNewIO(ConnectionImpl.java:837) ~[mysql-connector-j-9.1.0.jar:9.1.0]
	at com.mysql.cj.jdbc.ConnectionImpl.<init>(ConnectionImpl.java:420) ~[mysql-connector-j-9.1.0.jar:9.1.0]
	at com.mysql.cj.jdbc.ConnectionImpl.getInstance(ConnectionImpl.java:238) ~[mysql-connector-j-9.1.0.jar:9.1.0]
	at com.mysql.cj.jdbc.NonRegisteringDriver.connect(NonRegisteringDriver.java:180) ~[mysql-connector-j-9.1.0.jar:9.1.0]
	at com.zaxxer.hikari.util.DriverDataSource.getConnection(DriverDataSource.java:137) ~[HikariCP-5.1.0.jar:na]
	at com.zaxxer.hikari.pool.PoolBase.newConnection(PoolBase.java:360) ~[HikariCP-5.1.0.jar:na]
	at com.zaxxer.hikari.pool.PoolBase.newPoolEntry(PoolBase.java:202) ~[HikariCP-5.1.0.jar:na]
	at com.zaxxer.hikari.pool.HikariPool.createPoolEntry(HikariPool.java:461) ~[HikariCP-5.1.0.jar:na]
	at com.zaxxer.hikari.pool.HikariPool.checkFailFast(HikariPool.java:550) ~[HikariCP-5.1.0.jar:na]
	at com.zaxxer.hikari.pool.HikariPool.<init>(HikariPool.java:98) ~[HikariCP-5.1.0.jar:na]
	at com.zaxxer.hikari.HikariDataSource.getConnection(HikariDataSource.java:111) ~[HikariCP-5.1.0.jar:na]
	at org.flywaydb.core.internal.jdbc.JdbcUtils.openConnection(JdbcUtils.java:59) ~[flyway-core-10.20.1.jar:na]
	... 23 common frames omitted
Caused by: com.mysql.cj.exceptions.CJCommunicationsException: Communications link failure

The last packet sent successfully to the server was 0 milliseconds ago. The driver has not received any packets from the server.
	at java.base/jdk.internal.reflect.DirectConstructorHandleAccessor.newInstance(DirectConstructorHandleAccessor.java:62) ~[na:na]
	at java.base/java.lang.reflect.Constructor.newInstanceWithCaller(Constructor.java:502) ~[na:na]
	at java.base/java.lang.reflect.Constructor.newInstance(Constructor.java:486) ~[na:na]
	at com.mysql.cj.exceptions.ExceptionFactory.createException(ExceptionFactory.java:52) ~[mysql-connector-j-9.1.0.jar:9.1.0]
	at com.mysql.cj.exceptions.ExceptionFactory.createException(ExceptionFactory.java:95) ~[mysql-connector-j-9.1.0.jar:9.1.0]
	at com.mysql.cj.exceptions.ExceptionFactory.createException(ExceptionFactory.java:140) ~[mysql-connector-j-9.1.0.jar:9.1.0]
	at com.mysql.cj.exceptions.ExceptionFactory.createCommunicationsException(ExceptionFactory.java:156) ~[mysql-connector-j-9.1.0.jar:9.1.0]
	at com.mysql.cj.protocol.a.NativeSocketConnection.connect(NativeSocketConnection.java:79) ~[mysql-connector-j-9.1.0.jar:9.1.0]
	at com.mysql.cj.NativeSession.connect(NativeSession.java:142) ~[mysql-connector-j-9.1.0.jar:9.1.0]
	at com.mysql.cj.jdbc.ConnectionImpl.connectOneTryOnly(ConnectionImpl.java:961) ~[mysql-connector-j-9.1.0.jar:9.1.0]
	at com.mysql.cj.jdbc.ConnectionImpl.createNewIO(ConnectionImpl.java:825) ~[mysql-connector-j-9.1.0.jar:9.1.0]
	... 34 common frames omitted
Caused by: java.net.ConnectException: Connection refused: getsockopt
	at java.base/sun.nio.ch.Net.pollConnect(Native Method) ~[na:na]
	at java.base/sun.nio.ch.Net.pollConnectNow(Net.java:690) ~[na:na]
	at java.base/sun.nio.ch.NioSocketImpl.timedFinishConnect(NioSocketImpl.java:542) ~[na:na]
	at java.base/sun.nio.ch.NioSocketImpl.connect(NioSocketImpl.java:592) ~[na:na]
	at java.base/java.net.SocksSocketImpl.connect(SocksSocketImpl.java:327) ~[na:na]
	at java.base/java.net.Socket.connect(Socket.java:751) ~[na:na]
	at com.mysql.cj.protocol.StandardSocketFactory.connect(StandardSocketFactory.java:144) ~[mysql-connector-j-9.1.0.jar:9.1.0]
	at com.mysql.cj.protocol.a.NativeSocketConnection.connect(NativeSocketConnection.java:53) ~[mysql-connector-j-9.1.0.jar:9.1.0]
	... 37 common frames omitted

2026-06-17T20:41:10.128-04:00  INFO 2176 --- [ms_promocion] [main] c.R.ms_promocion.MsPromocionApplication  : Starting MsPromocionApplication using Java 21.0.9 with PID 2176 (C:\Users\va-alumno\Documents\GitHub\ms_pago\ms_promocion\ms_promocion\target\classes started by VA-Alumno in C:\Users\va-alumno\Documents\GitHub\ms_pago\ms_promocion)
2026-06-17T20:41:10.130-04:00  INFO 2176 --- [ms_promocion] [main] c.R.ms_promocion.MsPromocionApplication  : No active profile set, falling back to 1 default profile: "default"
2026-06-17T20:41:10.612-04:00  INFO 2176 --- [ms_promocion] [main] .s.d.r.c.RepositoryConfigurationDelegate : Bootstrapping Spring Data JPA repositories in DEFAULT mode.
2026-06-17T20:41:10.646-04:00  INFO 2176 --- [ms_promocion] [main] .s.d.r.c.RepositoryConfigurationDelegate : Finished Spring Data repository scanning in 27 ms. Found 1 JPA repository interface.
2026-06-17T20:41:10.753-04:00  INFO 2176 --- [ms_promocion] [main] o.s.cloud.context.scope.GenericScope     : BeanFactory id=990bc65a-4d76-3843-b2e6-6d8a80cdbeb7
2026-06-17T20:41:10.964-04:00  INFO 2176 --- [ms_promocion] [main] o.s.b.w.embedded.tomcat.TomcatWebServer  : Tomcat initialized with port 8081 (http)
2026-06-17T20:41:10.973-04:00  INFO 2176 --- [ms_promocion] [main] o.apache.catalina.core.StandardService   : Starting service [Tomcat]
2026-06-17T20:41:10.973-04:00  INFO 2176 --- [ms_promocion] [main] o.apache.catalina.core.StandardEngine    : Starting Servlet engine: [Apache Tomcat/10.1.33]
2026-06-17T20:41:11.021-04:00  INFO 2176 --- [ms_promocion] [main] o.a.c.c.C.[Tomcat].[localhost].[/]       : Initializing Spring embedded WebApplicationContext
2026-06-17T20:41:11.021-04:00  INFO 2176 --- [ms_promocion] [main] w.s.c.ServletWebServerApplicationContext : Root WebApplicationContext: initialization completed in 863 ms
2026-06-17T20:41:11.164-04:00  INFO 2176 --- [ms_promocion] [main] com.zaxxer.hikari.HikariDataSource       : HikariPool-1 - Starting...
2026-06-17T20:41:11.365-04:00  INFO 2176 --- [ms_promocion] [main] com.zaxxer.hikari.pool.HikariPool        : HikariPool-1 - Added connection com.mysql.cj.jdbc.ConnectionImpl@6658f08a
2026-06-17T20:41:11.367-04:00  INFO 2176 --- [ms_promocion] [main] com.zaxxer.hikari.HikariDataSource       : HikariPool-1 - Start completed.
2026-06-17T20:41:11.398-04:00  INFO 2176 --- [ms_promocion] [main] org.flywaydb.core.FlywayExecutor         : Database: jdbc:mysql://localhost:3306/ms_promocion (MySQL 8.4)
2026-06-17T20:41:11.408-04:00  WARN 2176 --- [ms_promocion] [main] o.f.c.internal.database.base.Database    : Flyway upgrade recommended: MySQL 8.4 is newer than this version of Flyway and support has not been tested. The latest supported version of MySQL is 8.1.
2026-06-17T20:41:11.425-04:00  INFO 2176 --- [ms_promocion] [main] o.f.c.i.s.JdbcTableSchemaHistory         : Schema history table `ms_promocion`.`flyway_schema_history` does not exist yet
2026-06-17T20:41:11.427-04:00  INFO 2176 --- [ms_promocion] [main] o.f.core.internal.command.DbValidate     : Successfully validated 2 migrations (execution time 00:00.012s)
2026-06-17T20:41:11.445-04:00  INFO 2176 --- [ms_promocion] [main] o.f.c.i.s.JdbcTableSchemaHistory         : Creating Schema History table `ms_promocion`.`flyway_schema_history` ...
2026-06-17T20:41:11.496-04:00  INFO 2176 --- [ms_promocion] [main] o.f.core.internal.command.DbMigrate      : Current version of schema `ms_promocion`: << Empty Schema >>
2026-06-17T20:41:11.504-04:00  INFO 2176 --- [ms_promocion] [main] o.f.core.internal.command.DbMigrate      : Migrating schema `ms_promocion` to version "1 - crear tabla promociones"
2026-06-17T20:41:11.910-04:00  WARN 2176 --- [ms_promocion] [main] o.f.c.i.s.DefaultSqlScriptExecutor       : DB: Integer display width is deprecated and will be removed in a future release. (SQL State: HY000 - Error Code: 1681)
2026-06-17T20:41:11.910-04:00  WARN 2176 --- [ms_promocion] [main] o.f.c.i.s.DefaultSqlScriptExecutor       : DB: 'utf8' is currently an alias for the character set UTF8MB3, but will be an alias for UTF8MB4 in a future release. Please consider using UTF8MB4 in order to be unambiguous. (SQL State: HY000 - Error Code: 3719)
2026-06-17T20:41:11.910-04:00  WARN 2176 --- [ms_promocion] [main] o.f.c.i.s.DefaultSqlScriptExecutor       : DB: 'utf8mb3_unicode_ci' is a collation of the deprecated character set UTF8MB3. Please consider using UTF8MB4 with an appropriate collation instead. (SQL State: HY000 - Error Code: 3778)
2026-06-17T20:41:11.994-04:00  WARN 2176 --- [ms_promocion] [main] o.f.c.i.s.DefaultSqlScriptExecutor       : DB: Integer display width is deprecated and will be removed in a future release. (SQL State: HY000 - Error Code: 1681)
2026-06-17T20:41:12.018-04:00  INFO 2176 --- [ms_promocion] [main] o.f.core.internal.command.DbMigrate      : Migrating schema `ms_promocion` to version "2 - insertar promociones"
2026-06-17T20:41:12.037-04:00  INFO 2176 --- [ms_promocion] [main] o.f.core.internal.command.DbMigrate      : Successfully applied 2 migrations to schema `ms_promocion`, now at version v2 (execution time 00:00.497s)
2026-06-17T20:41:12.087-04:00  INFO 2176 --- [ms_promocion] [main] o.hibernate.jpa.internal.util.LogHelper  : HHH000204: Processing PersistenceUnitInfo [name: default]
2026-06-17T20:41:12.120-04:00  INFO 2176 --- [ms_promocion] [main] org.hibernate.Version                    : HHH000412: Hibernate ORM core version 6.6.2.Final
2026-06-17T20:41:12.143-04:00  INFO 2176 --- [ms_promocion] [main] o.h.c.internal.RegionFactoryInitiator    : HHH000026: Second-level cache disabled
2026-06-17T20:41:12.306-04:00  INFO 2176 --- [ms_promocion] [main] o.s.o.j.p.SpringPersistenceUnitInfo      : No LoadTimeWeaver setup: ignoring JPA class transformer
2026-06-17T20:41:12.345-04:00  WARN 2176 --- [ms_promocion] [main] org.hibernate.orm.deprecation            : HHH90000025: MySQLDialect does not need to be specified explicitly using 'hibernate.dialect' (remove the property setting and it will be selected by default)
2026-06-17T20:41:12.353-04:00  INFO 2176 --- [ms_promocion] [main] org.hibernate.orm.connections.pooling    : HHH10001005: Database info:
	Database JDBC URL [Connecting through datasource 'HikariDataSource (HikariPool-1)']
	Database driver: undefined/unknown
	Database version: 8.4.3
	Autocommit mode: undefined/unknown
	Isolation level: undefined/unknown
	Minimum pool size: undefined/unknown
	Maximum pool size: undefined/unknown
2026-06-17T20:41:12.799-04:00  INFO 2176 --- [ms_promocion] [main] o.h.e.t.j.p.i.JtaPlatformInitiator       : HHH000489: No JTA platform available (set 'hibernate.transaction.jta.platform' to enable JTA platform integration)
2026-06-17T20:41:12.816-04:00  INFO 2176 --- [ms_promocion] [main] j.LocalContainerEntityManagerFactoryBean : Initialized JPA EntityManagerFactory for persistence unit 'default'
2026-06-17T20:41:13.051-04:00  WARN 2176 --- [ms_promocion] [main] JpaBaseConfiguration$JpaWebConfiguration : spring.jpa.open-in-view is enabled by default. Therefore, database queries may be performed during view rendering. Explicitly configure spring.jpa.open-in-view to disable this warning
2026-06-17T20:41:14.270-04:00  INFO 2176 --- [ms_promocion] [main] o.s.cloud.commons.util.InetUtils         : Cannot determine local hostname
2026-06-17T20:41:14.299-04:00  INFO 2176 --- [ms_promocion] [main] o.s.b.w.embedded.tomcat.TomcatWebServer  : Tomcat started on port 8081 (http) with context path '/'
2026-06-17T20:41:15.306-04:00  INFO 2176 --- [ms_promocion] [main] o.s.cloud.commons.util.InetUtils         : Cannot determine local hostname
2026-06-17T20:41:15.310-04:00  INFO 2176 --- [ms_promocion] [main] c.R.ms_promocion.MsPromocionApplication  : Started MsPromocionApplication in 6.482 seconds (process running for 6.907)
2026-06-17T20:41:52.391-04:00  INFO 2176 --- [ms_promocion] [http-nio-8081-exec-1] o.a.c.c.C.[Tomcat].[localhost].[/]       : Initializing Spring DispatcherServlet 'dispatcherServlet'
2026-06-17T20:41:52.392-04:00  INFO 2176 --- [ms_promocion] [http-nio-8081-exec-1] o.s.web.servlet.DispatcherServlet        : Initializing Servlet 'dispatcherServlet'
2026-06-17T20:41:52.393-04:00  INFO 2176 --- [ms_promocion] [http-nio-8081-exec-1] o.s.web.servlet.DispatcherServlet        : Completed initialization in 1 ms
2026-06-17T20:41:52.423-04:00  INFO 2176 --- [ms_promocion] [http-nio-8081-exec-1] c.R.m.service.PromocionService           : Iniciando lista de promociones
2026-06-17T20:44:21.969-04:00  INFO 2176 --- [ms_promocion] [http-nio-8081-exec-5] c.R.m.service.PromocionService           : Creando Promoción Promocion(idPromocion=null, codigoPromocion=OTONO2026, descripcion=Descuento de temporada de OTOÑO, porcentajeDescuento=50.0, activaPromocion=true)
2026-06-17T20:47:41.392-04:00  INFO 2176 --- [ms_promocion] [http-nio-8081-exec-7] c.R.m.service.PromocionService           : Se esta calculando el porcentaje de descuento con le monto para aplicar la promoción
2026-06-17T20:48:07.409-04:00  INFO 2176 --- [ms_promocion] [http-nio-8081-exec-9] c.R.m.service.PromocionService           : Iniciando lista de promociones
2026-06-17T21:11:10.426-04:00  INFO 2176 --- [ms_promocion] [http-nio-8081-exec-1] c.R.m.service.PromocionService           : Se esta calculando el porcentaje de descuento con le monto para aplicar la promoción
2026-06-17T21:16:38.510-04:00  INFO 2176 --- [ms_promocion] [http-nio-8081-exec-4] c.R.m.service.PromocionService           : Se esta calculando el porcentaje de descuento con le monto para aplicar la promoción
2026-06-17T21:18:55.662-04:00  INFO 2176 --- [ms_promocion] [http-nio-8081-exec-7] c.R.m.service.PromocionService           : Iniciando lista de promociones
2026-06-17T21:25:38.061-04:00  INFO 2176 --- [ms_promocion] [http-nio-8081-exec-9] c.R.m.service.PromocionService           : Se esta calculando el porcentaje de descuento con le monto para aplicar la promoción
2026-06-17T21:25:47.047-04:00  INFO 2176 --- [ms_promocion] [http-nio-8081-exec-3] c.R.m.service.PromocionService           : Se esta calculando el porcentaje de descuento con le monto para aplicar la promoción
2026-06-17T21:25:59.503-04:00  INFO 2176 --- [ms_promocion] [http-nio-8081-exec-8] c.R.m.service.PromocionService           : Se esta calculando el porcentaje de descuento con le monto para aplicar la promoción
2026-06-17T21:27:26.307-04:00  INFO 2176 --- [ms_promocion] [http-nio-8081-exec-2] c.R.m.service.PromocionService           : Se esta calculando el porcentaje de descuento con le monto para aplicar la promoción
2026-06-17T21:27:41.292-04:00  INFO 2176 --- [ms_promocion] [http-nio-8081-exec-5] c.R.m.service.PromocionService           : Iniciando lista de promociones
2026-06-17T21:28:56.662-04:00  INFO 2176 --- [ms_promocion] [http-nio-8081-exec-9] c.R.m.service.PromocionService           : Creando Promoción Promocion(idPromocion=null, codigoPromocion=GRATIS, descripcion=ESto es casi gratis, porcentajeDescuento=99.0, activaPromocion=true)
2026-06-17T21:29:42.347-04:00  INFO 2176 --- [ms_promocion] [http-nio-8081-exec-3] c.R.m.service.PromocionService           : Se esta calculando el porcentaje de descuento con le monto para aplicar la promoción
2026-06-17T21:30:23.159-04:00  INFO 2176 --- [ms_promocion] [SpringApplicationShutdownHook] o.s.b.w.e.tomcat.GracefulShutdown        : Commencing graceful shutdown. Waiting for active requests to complete
2026-06-17T21:30:23.164-04:00  INFO 2176 --- [ms_promocion] [tomcat-shutdown] o.s.b.w.e.tomcat.GracefulShutdown        : Graceful shutdown complete
2026-06-17T21:30:23.166-04:00  INFO 2176 --- [ms_promocion] [SpringApplicationShutdownHook] j.LocalContainerEntityManagerFactoryBean : Closing JPA EntityManagerFactory for persistence unit 'default'
2026-06-17T21:30:23.167-04:00  INFO 2176 --- [ms_promocion] [SpringApplicationShutdownHook] com.zaxxer.hikari.HikariDataSource       : HikariPool-1 - Shutdown initiated...
2026-06-17T21:30:23.169-04:00  INFO 2176 --- [ms_promocion] [SpringApplicationShutdownHook] com.zaxxer.hikari.HikariDataSource       : HikariPool-1 - Shutdown completed.
